\BOOKMARK [1][-]{section.1}{Vis\343o Geral - Introdu\347\343o}{}% 1
\BOOKMARK [2][-]{subsection.1.1}{P\372blico Alvo}{section.1}% 2
\BOOKMARK [2][-]{subsection.1.2}{Conven\347\365es, termos e abrevia\347\365es}{section.1}% 3
\BOOKMARK [3][-]{subsubsection.1.2.1}{Identifica\347\343o dos Requisitos}{subsection.1.2}% 4
\BOOKMARK [3][-]{subsubsection.1.2.2}{Prioridades dos Requisitos}{subsection.1.2}% 5
\BOOKMARK [3][-]{subsubsection.1.2.3}{Preenchimento de informa\347\365es do documento de requisitos}{subsection.1.2}% 6
\BOOKMARK [1][-]{section.2}{Vis\343o geral do Produto/Servi\347o}{}% 7
\BOOKMARK [2][-]{subsection.2.1}{Defini\347\365es, siglas e abrevia\347\365es}{section.2}% 8
\BOOKMARK [2][-]{subsection.2.2}{Sistema relacionados e escopo negativo}{section.2}% 9
\BOOKMARK [3][-]{subsubsection.2.2.1}{Sistema relacionados}{subsection.2.2}% 10
\BOOKMARK [3][-]{subsubsection.2.2.2}{Escopo Negativo}{subsection.2.2}% 11
\BOOKMARK [2][-]{subsection.2.3}{Premissas e Restri\347\365es}{section.2}% 12
\BOOKMARK [2][-]{subsection.2.4}{Descri\347\343o dos Usu\341rios}{section.2}% 13
\BOOKMARK [1][-]{section.3}{Requisitos Funcionais}{}% 14
\BOOKMARK [2][-]{subsection.3.1}{RF001 Pegar o Data Show}{section.3}% 15
\BOOKMARK [2][-]{subsection.3.2}{RF002 Entrega do Data Show}{section.3}% 16
\BOOKMARK [2][-]{subsection.3.3}{RF003 Cadastro dos Data Show}{section.3}% 17
\BOOKMARK [2][-]{subsection.3.4}{RF004 Repasse de projetos}{section.3}% 18
\BOOKMARK [2][-]{subsection.3.5}{RF005 Cadastro de todo usu\341rios}{section.3}% 19
\BOOKMARK [2][-]{subsection.3.6}{RF006 Relat\363rios de movimenta\347\343o}{section.3}% 20
\BOOKMARK [2][-]{subsection.3.7}{Implementa\347\343o futuras}{section.3}% 21
\BOOKMARK [1][-]{section.4}{Requisitos N\343o Funcionais}{}% 22
\BOOKMARK [2][-]{subsection.4.1}{Usabilidade}{section.4}% 23
\BOOKMARK [3][-]{subsubsection.4.1.1}{RNF001 Uso de Resposividade}{subsection.4.1}% 24
\BOOKMARK [2][-]{subsection.4.2}{Confiabilidade}{section.4}% 25
\BOOKMARK [3][-]{subsubsection.4.2.1}{RNF002 - Rodar em todos os Browser}{subsection.4.2}% 26
\BOOKMARK [3][-]{subsubsection.4.2.2}{RF003 Arquitetura do sistema}{subsection.4.2}% 27
\BOOKMARK [2][-]{subsection.4.3}{Seguran\347a}{section.4}% 28
\BOOKMARK [3][-]{subsubsection.4.3.1}{RNF003 - Seguran\347a dos Dados}{subsection.4.3}% 29
\BOOKMARK [3][-]{subsubsection.4.3.2}{RF004 Compatibilidade com SO}{subsection.4.3}% 30
\BOOKMARK [3][-]{subsubsection.4.3.3}{RF005 REST}{subsection.4.3}% 31
\BOOKMARK [3][-]{subsubsection.4.3.4}{RF006 Baixo consumo de mem\363ria}{subsection.4.3}% 32
\BOOKMARK [2][-]{subsection.4.4}{Implementa\347\343o futuras}{section.4}% 33
\BOOKMARK [1][-]{section.5}{Refer\352ncias}{}% 34
\BOOKMARK [1][-]{section.6}{Aprova\347\343o}{}% 35
